<?xml version="1.0" encoding="UTF-8"?>
<!-- Generated by org.testng.reporters.JUnitXMLReporter -->
<testsuite hostname="Adrians-MacBook-Pro.local" name="Command line test" tests="2" failures="0" timestamp="28 Sep 2020 08:24:36 GMT" time="0.03" errors="0">
  <testcase name="testCanConvert" time="0.003" classname="de.upstart_it.mail2print.converter.ImageConverterNGTest"/>
  <testcase name="testParseSubject" time="0.002" classname="de.upstart_it.mail2print.converter.ImageConverterNGTest"/>
</testsuite> <!-- Command line test -->
