<?xml version="1.0" encoding="UTF-8"?>
<testng-results skipped="0" failed="0" total="2" passed="2">
  <reporter-output>
  </reporter-output>
  <suite name="de.upstart_it.mail2print.converter.ImageConverterNGTest" duration-ms="30" started-at="2020-09-28T08:24:36Z" finished-at="2020-09-28T08:24:36Z">
    <groups>
    </groups>
    <test name="Command line test" duration-ms="30" started-at="2020-09-28T08:24:36Z" finished-at="2020-09-28T08:24:36Z">
      <class name="de.upstart_it.mail2print.converter.ImageConverterNGTest">
        <test-method status="PASS" signature="setUp()[pri:0, instance:de.upstart_it.mail2print.converter.ImageConverterNGTest@7225790e]" name="setUp" is-config="true" duration-ms="15" started-at="2020-09-28T10:24:36Z" finished-at="2020-09-28T10:24:36Z">
          <reporter-output>
          </reporter-output>
        </test-method> <!-- setUp -->
        <test-method status="PASS" signature="testCanConvert()[pri:0, instance:de.upstart_it.mail2print.converter.ImageConverterNGTest@7225790e]" name="testCanConvert" duration-ms="3" started-at="2020-09-28T10:24:36Z" finished-at="2020-09-28T10:24:36Z">
          <reporter-output>
          </reporter-output>
        </test-method> <!-- testCanConvert -->
        <test-method status="PASS" signature="testParseSubject()[pri:0, instance:de.upstart_it.mail2print.converter.ImageConverterNGTest@7225790e]" name="testParseSubject" duration-ms="2" started-at="2020-09-28T10:24:36Z" finished-at="2020-09-28T10:24:36Z">
          <reporter-output>
          </reporter-output>
        </test-method> <!-- testParseSubject -->
      </class> <!-- de.upstart_it.mail2print.converter.ImageConverterNGTest -->
    </test> <!-- Command line test -->
  </suite> <!-- de.upstart_it.mail2print.converter.ImageConverterNGTest -->
</testng-results>
